TN:
SF:src/utils/heatmapUtils.ts
FN:1,(anonymous_0)
FN:5,(anonymous_1)
FN:25,(anonymous_2)
FN:44,(anonymous_3)
FN:48,(anonymous_4)
FNF:5
FNH:5
FNDA:14,(anonymous_0)
FNDA:3,(anonymous_1)
FNDA:4,(anonymous_2)
FNDA:6,(anonymous_3)
FNDA:4,(anonymous_4)
DA:1,1
DA:2,14
DA:5,1
DA:6,3
DA:7,3
DA:8,3
DA:10,2
DA:11,2
DA:13,2
DA:14,12
DA:15,12
DA:17,12
DA:18,10
DA:22,2
DA:25,1
DA:26,4
DA:27,4
DA:28,4
DA:30,4
DA:31,2
DA:34,2
DA:35,2
DA:37,2
DA:38,2
DA:39,2
DA:41,2
DA:44,1
DA:45,6
DA:48,1
DA:49,4
DA:50,4
DA:51,3
DA:52,3
DA:53,2
DA:54,4
DA:58,0
DA:62,4
LF:37
LH:36
BRDA:8,0,0,1
BRDA:17,1,0,10
BRDA:17,2,0,12
BRDA:17,2,1,10
BRDA:30,3,0,2
BRDA:45,4,0,2
BRDA:45,4,1,4
BRDA:45,5,0,4
BRDA:45,5,1,2
BRDA:45,6,0,2
BRDA:45,6,1,2
BRDA:52,7,0,2
BRF:12
BRH:12
end_of_record
